X-Makina Assembler - Version XM-23p Single Pass+ Assembler - Release 24.05.16
Input file name: Branch.asm
Time of assembly: Wed 7 Aug 2024 02:57:04 
  1	    	     	        DATA
  2	    	     	        org     #100
  3	0100	000A	DVal    word    $10
  4	0102	0005	        word    $5
  5	0104	0040	        word    $64
  6	0106	FFFF	        word    $-1     ; End-of-list indicator
  7	    	     	
  8	    	     	        CODE
  9	    	     	        org     #200
 10	    	     	SumMain
 11	    	     	; R0 <- address of DVal
 12	0200	6000	        movl    DVal,R0
 13	0202	7808	        movh    DVal,R0
 14	    	     	;
 15	0204	6801	        movlz   #0,R1   ; Sum <- 0
 16	    	     	;
 17	0206	5882	Loop    ld      R0+,R2  ; R2 <- mem[R0]
 18	0208	4582	        cmp     #0,R2
 19	020A	3002	        bn Done         ; If negative, exit
 20	020C	4011	        add     R2,R1   ; Add value to sum
 21	020E	3FFB	        bra     Loop    ; Repeat for next value
 22	    	     	; End of loop - Result in R1
 23	    	     	Done
 24	    	     	;        bra Done
 25	    	     	;
 26	    	     	        end SumMain

Successful completion of assembly - 2P

** Symbol table **

Constants (Equates)
Name                               	Type	Value	Decimal

Labels (Code)
Name                               	Type	Value	Decimal
Done                               	REL	0210	528	PRI
Loop                               	REL	0206	518	PRI
SumMain                            	REL	0200	512	PRI

Labels (Data)
Name                               	Type	Value	Decimal
DVal                               	REL	0100	256	PRI

Registers
Name                               	Type	Value	Decimal
R7                                 	REG	0007	7	PRI
R6                                 	REG	0006	6	PRI
R5                                 	REG	0005	5	PRI
R4                                 	REG	0004	4	PRI
R3                                 	REG	0003	3	PRI
R2                                 	REG	0002	2	PRI
R1                                 	REG	0001	1	PRI
R0                                 	REG	0000	0	PRI

.XME file: .\assembler\scripts\Branch.xme

